----------------------------------------------
23:15:48 del giorno 07/20/2024, Ishtar, Windows, main.py, Program started at 23:15:48 del giorno 07/20/2024
File: main.py, Message: Bank created, Time: 23:15:48 del giorno 07/20/2024
File: main.py, Message: Client created, Time: 23:15:48 del giorno 07/20/2024
----------------------------------------------
23:29:05 del giorno 07/20/2024, Ishtar, Windows, main.py, Program started at 23:29:05 del giorno 07/20/2024
File: main.py, Message: Bank created, Time: 23:29:05 del giorno 07/20/2024
----------------------------------------------
23:29:29 del giorno 07/20/2024, Ishtar, Windows, main.py, Program started at 23:29:29 del giorno 07/20/2024
File: main.py, Message: Bank created, Time: 23:29:29 del giorno 07/20/2024
File: main.py, Message: Client created, Time: 23:29:29 del giorno 07/20/2024
----------------------------------------------
23:29:53 del giorno 07/20/2024, Ishtar, Windows, main.py, Program started at 23:29:53 del giorno 07/20/2024
File: main.py, Message: Bank created, Time: 23:29:53 del giorno 07/20/2024
File: main.py, Message: Client created, Time: 23:29:53 del giorno 07/20/2024
----------------------------------------------
23:33:12 del giorno 07/20/2024, Ishtar, Windows, main.py, Program started at 23:33:12 del giorno 07/20/2024
File: main.py, Message: Bank created, Time: 23:33:12 del giorno 07/20/2024
File: main.py, Message: Client created, Time: 23:33:12 del giorno 07/20/2024
23:33:12 del giorno 07/20/2024, Ishtar, Windows, main.py, Program terminated at 23:33:12 del giorno 07/20/2024
----------------------------------------------
23:39:26 del giorno 07/20/2024, Ishtar, Windows, main.py, Program started at 23:39:26 del giorno 07/20/2024
File: main.py, Message: Bank created, Time: 23:39:26 del giorno 07/20/2024
File: main.py, Message: Client created, Time: 23:39:26 del giorno 07/20/2024
----------------------------------------------
23:40:10 del giorno 07/20/2024, Ishtar, Windows, main.py, Program started at 23:40:10 del giorno 07/20/2024
File: main.py, Message: Bank created, Time: 23:40:10 del giorno 07/20/2024
File: main.py, Message: Client created, Time: 23:40:10 del giorno 07/20/2024
23:40:10 del giorno 07/20/2024, Ishtar, Windows, main.py, Program terminated at 23:40:10 del giorno 07/20/2024
